<?xml version="1.0" encoding="UTF-8"?>
<testng-results skipped="0" failed="0" ignored="0" total="1" passed="1">
  <reporter-output>
  </reporter-output>
  <suite name="Default Suite" duration-ms="38793" started-at="2021-11-15T14:17:45 PST" finished-at="2021-11-15T14:18:24 PST">
    <groups>
    </groups>
    <test name="HybridFramework" duration-ms="38793" started-at="2021-11-15T14:17:45 PST" finished-at="2021-11-15T14:18:24 PST">
      <class name="testinggeico.GetQuote">
        <test-method status="PASS" signature="openHomepage()[pri:0, instance:testinggeico.GetQuote@10bdf5e5]" name="openHomepage" is-config="true" duration-ms="6834" started-at="2021-11-15T14:17:45 PST" finished-at="2021-11-15T14:17:52 PST">
          <reporter-output>
          </reporter-output>
        </test-method> <!-- openHomepage -->
        <test-method status="PASS" signature="Test()[pri:0, instance:testinggeico.GetQuote@10bdf5e5]" name="Test" duration-ms="31714" started-at="2021-11-15T14:17:52 PST" finished-at="2021-11-15T14:18:24 PST">
          <reporter-output>
          </reporter-output>
        </test-method> <!-- Test -->
        <test-method status="PASS" signature="endTest()[pri:0, instance:testinggeico.GetQuote@10bdf5e5]" name="endTest" is-config="true" duration-ms="200" started-at="2021-11-15T14:18:24 PST" finished-at="2021-11-15T14:18:24 PST">
          <reporter-output>
          </reporter-output>
        </test-method> <!-- endTest -->
      </class> <!-- testinggeico.GetQuote -->
    </test> <!-- HybridFramework -->
  </suite> <!-- Default Suite -->
</testng-results>
